<?xml version="1.0" encoding="UTF-8"?>
<!-- Generated by org.testng.reporters.JUnitReportReporter -->
<testsuite hostname="Thulash1997" failures="0" tests="1" name="util.openBrowser" time="5.296" errors="0" timestamp="2024-11-25T10:07:55 GMT" skipped="0">
  <testcase classname="util.openBrowser" name="openBrowser" time="5.296"/>
  <system-out/>
</testsuite> <!-- util.openBrowser -->
