<?xml version="1.0" encoding="UTF-8"?>
<!-- Generated by org.testng.reporters.JUnitReportReporter -->
<testsuite hostname="Thulash1997" failures="0" tests="1" name="businessComponent.forgotPassword" time="13.282" errors="0" timestamp="2024-12-10T11:34:21 GMT" skipped="0">
  <testcase classname="businessComponent.forgotPassword" name="forgotPassword" time="13.282"/>
  <system-out/>
</testsuite> <!-- businessComponent.forgotPassword -->
